# JRE version: OpenJDK Runtime Environment (11.0.8+10) (build 11.0.8+10-post-Ubuntu-0ubuntu118.04.1)
# Java VM: OpenJDK 64-Bit Server VM (11.0.8+10-post-Ubuntu-0ubuntu118.04.1, mixed mode, sharing, tiered, compressed oops, g1 gc, linux-amd64)
Heap:
 garbage-first heap   total 286720K, used 196859K [0x00000000c0000000, 0x0000000100000000)
  region size 1024K, 117 young (119808K), 1 survivors (1024K)
 Metaspace       used 10947K, capacity 12901K, committed 13056K, reserved 1060864K
  class space    used 1683K, capacity 2038K, committed 2048K, reserved 1048576K
GC Heap History (20 events):
Event: 3.446 GC heap before
{Heap before GC invocations=20 (full 4):
 garbage-first heap   total 188416K, used 140882K [0x00000000c0000000, 0x0000000100000000)
  region size 1024K, 67 young (68608K), 8 survivors (8192K)
 Metaspace       used 10185K, capacity 12158K, committed 12288K, reserved 1058816K
  class space    used 1646K, capacity 2018K, committed 2048K, reserved 1048576K
}
Event: 3.462 GC heap after
{Heap after GC invocations=21 (full 4):
 garbage-first heap   total 618496K, used 87269K [0x00000000c0000000, 0x0000000100000000)
  region size 1024K, 8 young (8192K), 8 survivors (8192K)
 Metaspace       used 10185K, capacity 12158K, committed 12288K, reserved 1058816K
  class space    used 1646K, capacity 2018K, committed 2048K, reserved 1048576K
}
Event: 4.026 GC heap before
{Heap before GC invocations=21 (full 4):
 garbage-first heap   total 618496K, used 248037K [0x00000000c0000000, 0x0000000100000000)
  region size 1024K, 166 young (169984K), 8 survivors (8192K)
 Metaspace       used 10907K, capacity 12829K, committed 13056K, reserved 1060864K
  class space    used 1681K, capacity 2038K, committed 2048K, reserved 1048576K
}
Event: 4.078 GC heap after
{Heap after GC invocations=22 (full 5):
 garbage-first heap   total 290816K, used 79076K [0x00000000c0000000, 0x0000000100000000)
  region size 1024K, 0 young (0K), 0 survivors (0K)
 Metaspace       used 10907K, capacity 12829K, committed 13056K, reserved 1060864K
  class space    used 1681K, capacity 2038K, committed 2048K, reserved 1048576K
}
Event: 4.100 GC heap before
{Heap before GC invocations=22 (full 5):
 garbage-first heap   total 290816K, used 79076K [0x00000000c0000000, 0x0000000100000000)
  region size 1024K, 1 young (1024K), 0 survivors (0K)
 Metaspace       used 10907K, capacity 12829K, committed 13056K, reserved 1060864K
  class space    used 1681K, capacity 2038K, committed 2048K, reserved 1048576K
}
Event: 4.141 GC heap after
{Heap after GC invocations=23 (full 6):
 garbage-first heap   total 286720K, used 79075K [0x00000000c0000000, 0x0000000100000000)
  region size 1024K, 0 young (0K), 0 survivors (0K)
 Metaspace       used 10907K, capacity 12829K, committed 13056K, reserved 1060864K
  class space    used 1681K, capacity 2038K, committed 2048K, reserved 1048576K
}
Event: 4.464 GC heap before
{Heap before GC invocations=23 (full 6):
 garbage-first heap   total 286720K, used 204003K [0x00000000c0000000, 0x0000000100000000)
  region size 1024K, 122 young (124928K), 0 survivors (0K)
 Metaspace       used 10919K, capacity 12894K, committed 13056K, reserved 1060864K
  class space    used 1681K, capacity 2038K, committed 2048K, reserved 1048576K
}
Event: 4.465 GC heap after
{Heap after GC invocations=24 (full 6):
 garbage-first heap   total 286720K, used 80448K [0x00000000c0000000, 0x0000000100000000)
  region size 1024K, 2 young (2048K), 2 survivors (2048K)
 Metaspace       used 10919K, capacity 12894K, committed 13056K, reserved 1060864K
  class space    used 1681K, capacity 2038K, committed 2048K, reserved 1048576K
}
Event: 4.719 GC heap before
{Heap before GC invocations=24 (full 6):
 garbage-first heap   total 286720K, used 211520K [0x00000000c0000000, 0x0000000100000000)
  region size 1024K, 130 young (133120K), 2 survivors (2048K)
 Metaspace       used 10925K, capacity 12896K, committed 13056K, reserved 1060864K
  class space    used 1681K, capacity 2038K, committed 2048K, reserved 1048576K
}
Event: 4.719 GC heap after
{Heap after GC invocations=25 (full 6):
 garbage-first heap   total 286720K, used 79425K [0x00000000c0000000, 0x0000000100000000)
  region size 1024K, 1 young (1024K), 1 survivors (1024K)
 Metaspace       used 10925K, capacity 12896K, committed 13056K, reserved 1060864K
  class space    used 1681K, capacity 2038K, committed 2048K, reserved 1048576K
}
Event: 4.972 GC heap before
{Heap before GC invocations=25 (full 6):
 garbage-first heap   total 286720K, used 217665K [0x00000000c0000000, 0x0000000100000000)
  region size 1024K, 136 young (139264K), 1 survivors (1024K)
 Metaspace       used 10932K, capacity 12896K, committed 13056K, reserved 1060864K
  class space    used 1681K, capacity 2038K, committed 2048K, reserved 1048576K
}
Event: 4.973 GC heap after
{Heap after GC invocations=26 (full 6):
 garbage-first heap   total 286720K, used 79163K [0x00000000c0000000, 0x0000000100000000)
  region size 1024K, 1 young (1024K), 1 survivors (1024K)
 Metaspace       used 10932K, capacity 12896K, committed 13056K, reserved 1060864K
  class space    used 1681K, capacity 2038K, committed 2048K, reserved 1048576K
}
Event: 5.225 GC heap before
{Heap before GC invocations=26 (full 6):
 garbage-first heap   total 286720K, used 223547K [0x00000000c0000000, 0x0000000100000000)
  region size 1024K, 142 young (145408K), 1 survivors (1024K)
 Metaspace       used 10933K, capacity 12901K, committed 13056K, reserved 1060864K
  class space    used 1681K, capacity 2038K, committed 2048K, reserved 1048576K
}
Event: 5.226 GC heap after
{Heap after GC invocations=27 (full 6):
 garbage-first heap   total 286720K, used 79103K [0x00000000c0000000, 0x0000000100000000)
  region size 1024K, 1 young (1024K), 1 survivors (1024K)
 Metaspace       used 10933K, capacity 12901K, committed 13056K, reserved 1060864K
  class space    used 1681K, capacity 2038K, committed 2048K, reserved 1048576K
}
Event: 5.485 GC heap before
{Heap before GC invocations=27 (full 6):
 garbage-first heap   total 286720K, used 229631K [0x00000000c0000000, 0x0000000100000000)
  region size 1024K, 148 young (151552K), 1 survivors (1024K)
 Metaspace       used 10938K, capacity 12901K, committed 13056K, reserved 1060864K
  class space    used 1682K, capacity 2038K, committed 2048K, reserved 1048576K
}
Event: 5.486 GC heap after
{Heap after GC invocations=28 (full 6):
 garbage-first heap   total 286720K, used 79093K [0x00000000c0000000, 0x0000000100000000)
  region size 1024K, 1 young (1024K), 1 survivors (1024K)
 Metaspace       used 10938K, capacity 12901K, committed 13056K, reserved 1060864K
  class space    used 1682K, capacity 2038K, committed 2048K, reserved 1048576K
}
Event: 5.785 GC heap before
{Heap before GC invocations=28 (full 6):
 garbage-first heap   total 286720K, used 233717K [0x00000000c0000000, 0x0000000100000000)
  region size 1024K, 152 young (155648K), 1 survivors (1024K)
 Metaspace       used 10938K, capacity 12901K, committed 13056K, reserved 1060864K
  class space    used 1682K, capacity 2038K, committed 2048K, reserved 1048576K
}
Event: 5.786 GC heap after
{Heap after GC invocations=29 (full 6):
 garbage-first heap   total 286720K, used 79093K [0x00000000c0000000, 0x0000000100000000)
  region size 1024K, 1 young (1024K), 1 survivors (1024K)
 Metaspace       used 10938K, capacity 12901K, committed 13056K, reserved 1060864K
  class space    used 1682K, capacity 2038K, committed 2048K, reserved 1048576K
}
Event: 6.120 GC heap before
{Heap before GC invocations=29 (full 6):
 garbage-first heap   total 286720K, used 237813K [0x00000000c0000000, 0x0000000100000000)
  region size 1024K, 156 young (159744K), 1 survivors (1024K)
 Metaspace       used 10940K, capacity 12901K, committed 13056K, reserved 1060864K
  class space    used 1682K, capacity 2038K, committed 2048K, reserved 1048576K
}
Event: 6.121 GC heap after
{Heap after GC invocations=30 (full 6):
 garbage-first heap   total 286720K, used 79099K [0x00000000c0000000, 0x0000000100000000)
  region size 1024K, 1 young (1024K), 1 survivors (1024K)
 Metaspace       used 10940K, capacity 12901K, committed 13056K, reserved 1060864K
  class space    used 1682K, capacity 2038K, committed 2048K, reserved 1048576K
}

