# JRE version: OpenJDK Runtime Environment (11.0.8+10) (build 11.0.8+10-post-Ubuntu-0ubuntu118.04.1)
# Java VM: OpenJDK 64-Bit Server VM (11.0.8+10-post-Ubuntu-0ubuntu118.04.1, mixed mode, sharing, tiered, compressed oops, g1 gc, linux-amd64)
Heap:
 garbage-first heap   total 594944K, used 95988K [0x00000000c0000000, 0x0000000100000000)
  region size 1024K, 51 young (52224K), 1 survivors (1024K)
 Metaspace       used 10635K, capacity 12637K, committed 12800K, reserved 1060864K
  class space    used 1608K, capacity 1971K, committed 2048K, reserved 1048576K
GC Heap History (20 events):
Event: 1.671 GC heap before
{Heap before GC invocations=13 (full 3):
 garbage-first heap   total 86016K, used 27269K [0x00000000c0000000, 0x0000000100000000)
  region size 1024K, 10 young (10240K), 0 survivors (0K)
 Metaspace       used 7924K, capacity 10238K, committed 10496K, reserved 1058816K
  class space    used 1218K, capacity 1522K, committed 1536K, reserved 1048576K
}
Event: 1.689 GC heap after
{Heap after GC invocations=14 (full 4):
 garbage-first heap   total 81920K, used 18928K [0x00000000c0000000, 0x0000000100000000)
  region size 1024K, 0 young (0K), 0 survivors (0K)
 Metaspace       used 7924K, capacity 10238K, committed 10496K, reserved 1058816K
  class space    used 1218K, capacity 1522K, committed 1536K, reserved 1048576K
}
Event: 1.734 GC heap before
{Heap before GC invocations=14 (full 4):
 garbage-first heap   total 81920K, used 45552K [0x00000000c0000000, 0x0000000100000000)
  region size 1024K, 26 young (26624K), 0 survivors (0K)
 Metaspace       used 7925K, capacity 10238K, committed 10496K, reserved 1058816K
  class space    used 1218K, capacity 1522K, committed 1536K, reserved 1048576K
}
Event: 1.738 GC heap after
{Heap after GC invocations=15 (full 4):
 garbage-first heap   total 81920K, used 21749K [0x00000000c0000000, 0x0000000100000000)
  region size 1024K, 3 young (3072K), 3 survivors (3072K)
 Metaspace       used 7925K, capacity 10238K, committed 10496K, reserved 1058816K
  class space    used 1218K, capacity 1522K, committed 1536K, reserved 1048576K
}
Event: 1.782 GC heap before
{Heap before GC invocations=15 (full 4):
 garbage-first heap   total 81920K, used 51445K [0x00000000c0000000, 0x0000000100000000)
  region size 1024K, 32 young (32768K), 3 survivors (3072K)
 Metaspace       used 7925K, capacity 10238K, committed 10496K, reserved 1058816K
  class space    used 1218K, capacity 1522K, committed 1536K, reserved 1048576K
}
Event: 1.793 GC heap after
{Heap after GC invocations=16 (full 4):
 garbage-first heap   total 81920K, used 24730K [0x00000000c0000000, 0x0000000100000000)
  region size 1024K, 4 young (4096K), 4 survivors (4096K)
 Metaspace       used 7925K, capacity 10238K, committed 10496K, reserved 1058816K
  class space    used 1218K, capacity 1522K, committed 1536K, reserved 1048576K
}
Event: 1.881 GC heap before
{Heap before GC invocations=16 (full 4):
 garbage-first heap   total 81920K, used 54426K [0x00000000c0000000, 0x0000000100000000)
  region size 1024K, 31 young (31744K), 4 survivors (4096K)
 Metaspace       used 8105K, capacity 10421K, committed 10624K, reserved 1058816K
  class space    used 1264K, capacity 1564K, committed 1664K, reserved 1048576K
}
Event: 1.898 GC heap after
{Heap after GC invocations=17 (full 4):
 garbage-first heap   total 81920K, used 30719K [0x00000000c0000000, 0x0000000100000000)
  region size 1024K, 4 young (4096K), 4 survivors (4096K)
 Metaspace       used 8105K, capacity 10421K, committed 10624K, reserved 1058816K
  class space    used 1264K, capacity 1564K, committed 1664K, reserved 1048576K
}
Event: 1.924 GC heap before
{Heap before GC invocations=17 (full 4):
 garbage-first heap   total 81920K, used 54271K [0x00000000c0000000, 0x0000000100000000)
  region size 1024K, 27 young (27648K), 4 survivors (4096K)
 Metaspace       used 8106K, capacity 10421K, committed 10624K, reserved 1058816K
  class space    used 1264K, capacity 1564K, committed 1664K, reserved 1048576K
}
Event: 1.940 GC heap after
{Heap after GC invocations=18 (full 4):
 garbage-first heap   total 565248K, used 33190K [0x00000000c0000000, 0x0000000100000000)
  region size 1024K, 3 young (3072K), 3 survivors (3072K)
 Metaspace       used 8106K, capacity 10421K, committed 10624K, reserved 1058816K
  class space    used 1264K, capacity 1564K, committed 1664K, reserved 1048576K
}
Event: 2.741 GC heap before
{Heap before GC invocations=18 (full 4):
 garbage-first heap   total 565248K, used 161190K [0x00000000c0000000, 0x0000000100000000)
  region size 1024K, 116 young (118784K), 3 survivors (3072K)
 Metaspace       used 8199K, capacity 10509K, committed 10624K, reserved 1058816K
  class space    used 1292K, capacity 1624K, committed 1664K, reserved 1048576K
}
Event: 2.750 GC heap after
{Heap after GC invocations=19 (full 4):
 garbage-first heap   total 565248K, used 60897K [0x00000000c0000000, 0x0000000100000000)
  region size 1024K, 15 young (15360K), 15 survivors (15360K)
 Metaspace       used 8199K, capacity 10509K, committed 10624K, reserved 1058816K
  class space    used 1292K, capacity 1624K, committed 1664K, reserved 1048576K
}
Event: 2.774 GC heap before
{Heap before GC invocations=19 (full 4):
 garbage-first heap   total 565248K, used 60897K [0x00000000c0000000, 0x0000000100000000)
  region size 1024K, 16 young (16384K), 15 survivors (15360K)
 Metaspace       used 8391K, capacity 10681K, committed 10880K, reserved 1058816K
  class space    used 1326K, capacity 1662K, committed 1664K, reserved 1048576K
}
Event: 2.801 GC heap after
{Heap after GC invocations=20 (full 5):
 garbage-first heap   total 140288K, used 37025K [0x00000000c0000000, 0x0000000100000000)
  region size 1024K, 0 young (0K), 0 survivors (0K)
 Metaspace       used 8391K, capacity 10681K, committed 10880K, reserved 1058816K
  class space    used 1326K, capacity 1662K, committed 1664K, reserved 1048576K
}
Event: 3.249 GC heap before
{Heap before GC invocations=20 (full 5):
 garbage-first heap   total 140288K, used 91297K [0x00000000c0000000, 0x0000000100000000)
  region size 1024K, 52 young (53248K), 0 survivors (0K)
 Metaspace       used 10510K, capacity 12476K, committed 12800K, reserved 1060864K
  class space    used 1607K, capacity 1971K, committed 2048K, reserved 1048576K
}
Event: 3.259 GC heap after
{Heap after GC invocations=21 (full 5):
 garbage-first heap   total 140288K, used 45600K [0x00000000c0000000, 0x0000000100000000)
  region size 1024K, 7 young (7168K), 7 survivors (7168K)
 Metaspace       used 10510K, capacity 12476K, committed 12800K, reserved 1060864K
  class space    used 1607K, capacity 1971K, committed 2048K, reserved 1048576K
}
Event: 3.678 GC heap before
{Heap before GC invocations=21 (full 5):
 garbage-first heap   total 140288K, used 93728K [0x00000000c0000000, 0x0000000100000000)
  region size 1024K, 54 young (55296K), 7 survivors (7168K)
 Metaspace       used 10629K, capacity 12637K, committed 12800K, reserved 1060864K
  class space    used 1607K, capacity 1971K, committed 2048K, reserved 1048576K
}
Event: 3.689 GC heap after
{Heap after GC invocations=22 (full 5):
 garbage-first heap   total 140288K, used 46751K [0x00000000c0000000, 0x0000000100000000)
  region size 1024K, 2 young (2048K), 2 survivors (2048K)
 Metaspace       used 10629K, capacity 12637K, committed 12800K, reserved 1060864K
  class space    used 1607K, capacity 1971K, committed 2048K, reserved 1048576K
}
Event: 4.030 GC heap before
{Heap before GC invocations=22 (full 5):
 garbage-first heap   total 140288K, used 96927K [0x00000000c0000000, 0x0000000100000000)
  region size 1024K, 51 young (52224K), 2 survivors (2048K)
 Metaspace       used 10629K, capacity 12637K, committed 12800K, reserved 1060864K
  class space    used 1607K, capacity 1971K, committed 2048K, reserved 1048576K
}
Event: 4.036 GC heap after
{Heap after GC invocations=23 (full 5):
 garbage-first heap   total 594944K, used 45812K [0x00000000c0000000, 0x0000000100000000)
  region size 1024K, 1 young (1024K), 1 survivors (1024K)
 Metaspace       used 10629K, capacity 12637K, committed 12800K, reserved 1060864K
  class space    used 1607K, capacity 1971K, committed 2048K, reserved 1048576K
}

