# JRE version: OpenJDK Runtime Environment (11.0.8+10) (build 11.0.8+10-post-Ubuntu-0ubuntu118.04.1)
# Java VM: OpenJDK 64-Bit Server VM (11.0.8+10-post-Ubuntu-0ubuntu118.04.1, mixed mode, sharing, tiered, compressed oops, g1 gc, linux-amd64)
Heap:
 garbage-first heap   total 286720K, used 132427K [0x00000000c0000000, 0x0000000100000000)
  region size 1024K, 54 young (55296K), 1 survivors (1024K)
 Metaspace       used 10973K, capacity 12903K, committed 13056K, reserved 1060864K
  class space    used 1683K, capacity 2038K, committed 2048K, reserved 1048576K
GC Heap History (20 events):
Event: 69.682 GC heap before
{Heap before GC invocations=250 (full 7):
 garbage-first heap   total 286720K, used 248143K [0x00000000c0000000, 0x0000000100000000)
  region size 1024K, 166 young (169984K), 1 survivors (1024K)
 Metaspace       used 10963K, capacity 12903K, committed 13056K, reserved 1060864K
  class space    used 1682K, capacity 2038K, committed 2048K, reserved 1048576K
}
Event: 69.683 GC heap after
{Heap after GC invocations=251 (full 7):
 garbage-first heap   total 286720K, used 79179K [0x00000000c0000000, 0x0000000100000000)
  region size 1024K, 1 young (1024K), 1 survivors (1024K)
 Metaspace       used 10963K, capacity 12903K, committed 13056K, reserved 1060864K
  class space    used 1682K, capacity 2038K, committed 2048K, reserved 1048576K
}
Event: 69.984 GC heap before
{Heap before GC invocations=251 (full 7):
 garbage-first heap   total 286720K, used 248139K [0x00000000c0000000, 0x0000000100000000)
  region size 1024K, 166 young (169984K), 1 survivors (1024K)
 Metaspace       used 10963K, capacity 12903K, committed 13056K, reserved 1060864K
  class space    used 1682K, capacity 2038K, committed 2048K, reserved 1048576K
}
Event: 69.985 GC heap after
{Heap after GC invocations=252 (full 7):
 garbage-first heap   total 286720K, used 79179K [0x00000000c0000000, 0x0000000100000000)
  region size 1024K, 1 young (1024K), 1 survivors (1024K)
 Metaspace       used 10963K, capacity 12903K, committed 13056K, reserved 1060864K
  class space    used 1682K, capacity 2038K, committed 2048K, reserved 1048576K
}
Event: 70.283 GC heap before
{Heap before GC invocations=252 (full 7):
 garbage-first heap   total 286720K, used 248139K [0x00000000c0000000, 0x0000000100000000)
  region size 1024K, 166 young (169984K), 1 survivors (1024K)
 Metaspace       used 10963K, capacity 12903K, committed 13056K, reserved 1060864K
  class space    used 1682K, capacity 2038K, committed 2048K, reserved 1048576K
}
Event: 70.284 GC heap after
{Heap after GC invocations=253 (full 7):
 garbage-first heap   total 286720K, used 79179K [0x00000000c0000000, 0x0000000100000000)
  region size 1024K, 1 young (1024K), 1 survivors (1024K)
 Metaspace       used 10963K, capacity 12903K, committed 13056K, reserved 1060864K
  class space    used 1682K, capacity 2038K, committed 2048K, reserved 1048576K
}
Event: 70.588 GC heap before
{Heap before GC invocations=253 (full 7):
 garbage-first heap   total 286720K, used 248139K [0x00000000c0000000, 0x0000000100000000)
  region size 1024K, 166 young (169984K), 1 survivors (1024K)
 Metaspace       used 10963K, capacity 12903K, committed 13056K, reserved 1060864K
  class space    used 1682K, capacity 2038K, committed 2048K, reserved 1048576K
}
Event: 70.589 GC heap after
{Heap after GC invocations=254 (full 7):
 garbage-first heap   total 286720K, used 79179K [0x00000000c0000000, 0x0000000100000000)
  region size 1024K, 1 young (1024K), 1 survivors (1024K)
 Metaspace       used 10963K, capacity 12903K, committed 13056K, reserved 1060864K
  class space    used 1682K, capacity 2038K, committed 2048K, reserved 1048576K
}
Event: 70.890 GC heap before
{Heap before GC invocations=254 (full 7):
 garbage-first heap   total 286720K, used 248139K [0x00000000c0000000, 0x0000000100000000)
  region size 1024K, 166 young (169984K), 1 survivors (1024K)
 Metaspace       used 10963K, capacity 12903K, committed 13056K, reserved 1060864K
  class space    used 1682K, capacity 2038K, committed 2048K, reserved 1048576K
}
Event: 70.891 GC heap after
{Heap after GC invocations=255 (full 7):
 garbage-first heap   total 286720K, used 79181K [0x00000000c0000000, 0x0000000100000000)
  region size 1024K, 1 young (1024K), 1 survivors (1024K)
 Metaspace       used 10963K, capacity 12903K, committed 13056K, reserved 1060864K
  class space    used 1682K, capacity 2038K, committed 2048K, reserved 1048576K
}
Event: 71.198 GC heap before
{Heap before GC invocations=255 (full 7):
 garbage-first heap   total 286720K, used 248141K [0x00000000c0000000, 0x0000000100000000)
  region size 1024K, 166 young (169984K), 1 survivors (1024K)
 Metaspace       used 10966K, capacity 12903K, committed 13056K, reserved 1060864K
  class space    used 1682K, capacity 2038K, committed 2048K, reserved 1048576K
}
Event: 71.199 GC heap after
{Heap after GC invocations=256 (full 7):
 garbage-first heap   total 286720K, used 79179K [0x00000000c0000000, 0x0000000100000000)
  region size 1024K, 1 young (1024K), 1 survivors (1024K)
 Metaspace       used 10966K, capacity 12903K, committed 13056K, reserved 1060864K
  class space    used 1682K, capacity 2038K, committed 2048K, reserved 1048576K
}
Event: 71.499 GC heap before
{Heap before GC invocations=256 (full 7):
 garbage-first heap   total 286720K, used 248139K [0x00000000c0000000, 0x0000000100000000)
  region size 1024K, 166 young (169984K), 1 survivors (1024K)
 Metaspace       used 10966K, capacity 12903K, committed 13056K, reserved 1060864K
  class space    used 1682K, capacity 2038K, committed 2048K, reserved 1048576K
}
Event: 71.500 GC heap after
{Heap after GC invocations=257 (full 7):
 garbage-first heap   total 286720K, used 79181K [0x00000000c0000000, 0x0000000100000000)
  region size 1024K, 1 young (1024K), 1 survivors (1024K)
 Metaspace       used 10966K, capacity 12903K, committed 13056K, reserved 1060864K
  class space    used 1682K, capacity 2038K, committed 2048K, reserved 1048576K
}
Event: 71.802 GC heap before
{Heap before GC invocations=257 (full 7):
 garbage-first heap   total 286720K, used 248141K [0x00000000c0000000, 0x0000000100000000)
  region size 1024K, 166 young (169984K), 1 survivors (1024K)
 Metaspace       used 10966K, capacity 12903K, committed 13056K, reserved 1060864K
  class space    used 1682K, capacity 2038K, committed 2048K, reserved 1048576K
}
Event: 71.803 GC heap after
{Heap after GC invocations=258 (full 7):
 garbage-first heap   total 286720K, used 79179K [0x00000000c0000000, 0x0000000100000000)
  region size 1024K, 1 young (1024K), 1 survivors (1024K)
 Metaspace       used 10966K, capacity 12903K, committed 13056K, reserved 1060864K
  class space    used 1682K, capacity 2038K, committed 2048K, reserved 1048576K
}
Event: 72.119 GC heap before
{Heap before GC invocations=258 (full 7):
 garbage-first heap   total 286720K, used 248139K [0x00000000c0000000, 0x0000000100000000)
  region size 1024K, 166 young (169984K), 1 survivors (1024K)
 Metaspace       used 10966K, capacity 12903K, committed 13056K, reserved 1060864K
  class space    used 1682K, capacity 2038K, committed 2048K, reserved 1048576K
}
Event: 72.120 GC heap after
{Heap after GC invocations=259 (full 7):
 garbage-first heap   total 286720K, used 79179K [0x00000000c0000000, 0x0000000100000000)
  region size 1024K, 1 young (1024K), 1 survivors (1024K)
 Metaspace       used 10966K, capacity 12903K, committed 13056K, reserved 1060864K
  class space    used 1682K, capacity 2038K, committed 2048K, reserved 1048576K
}
Event: 72.422 GC heap before
{Heap before GC invocations=259 (full 7):
 garbage-first heap   total 286720K, used 248139K [0x00000000c0000000, 0x0000000100000000)
  region size 1024K, 166 young (169984K), 1 survivors (1024K)
 Metaspace       used 10966K, capacity 12903K, committed 13056K, reserved 1060864K
  class space    used 1682K, capacity 2038K, committed 2048K, reserved 1048576K
}
Event: 72.423 GC heap after
{Heap after GC invocations=260 (full 7):
 garbage-first heap   total 286720K, used 79179K [0x00000000c0000000, 0x0000000100000000)
  region size 1024K, 1 young (1024K), 1 survivors (1024K)
 Metaspace       used 10966K, capacity 12903K, committed 13056K, reserved 1060864K
  class space    used 1682K, capacity 2038K, committed 2048K, reserved 1048576K
}

