# JRE version: OpenJDK Runtime Environment (11.0.8+10) (build 11.0.8+10-post-Ubuntu-0ubuntu118.04.1)
# Java VM: OpenJDK 64-Bit Server VM (11.0.8+10-post-Ubuntu-0ubuntu118.04.1, mixed mode, sharing, tiered, compressed oops, g1 gc, linux-amd64)
Heap:
 garbage-first heap   total 34816K, used 5730K [0x00000000c0000000, 0x0000000100000000)
  region size 1024K, 1 young (1024K), 0 survivors (0K)
 Metaspace       used 2216K, capacity 4886K, committed 5120K, reserved 1056768K
  class space    used 190K, capacity 451K, committed 512K, reserved 1048576K
GC Heap History (16 events):
Event: 0.084 GC heap before
{Heap before GC invocations=0 (full 0):
 garbage-first heap   total 1048576K, used 2756K [0x00000000c0000000, 0x0000000100000000)
  region size 1024K, 3 young (3072K), 0 survivors (0K)
 Metaspace       used 1074K, capacity 4676K, committed 4864K, reserved 1056768K
  class space    used 103K, capacity 431K, committed 512K, reserved 1048576K
}
Event: 0.100 GC heap after
{Heap after GC invocations=1 (full 1):
 garbage-first heap   total 17408K, used 1543K [0x00000000c0000000, 0x0000000100000000)
  region size 1024K, 0 young (0K), 0 survivors (0K)
 Metaspace       used 1074K, capacity 4676K, committed 4864K, reserved 1056768K
  class space    used 103K, capacity 431K, committed 512K, reserved 1048576K
}
Event: 0.200 GC heap before
{Heap before GC invocations=1 (full 1):
 garbage-first heap   total 17408K, used 6663K [0x00000000c0000000, 0x0000000100000000)
  region size 1024K, 5 young (5120K), 0 survivors (0K)
 Metaspace       used 2027K, capacity 4873K, committed 5120K, reserved 1056768K
  class space    used 179K, capacity 449K, committed 512K, reserved 1048576K
}
Event: 0.203 GC heap after
{Heap after GC invocations=2 (full 1):
 garbage-first heap   total 17408K, used 2363K [0x00000000c0000000, 0x0000000100000000)
  region size 1024K, 1 young (1024K), 1 survivors (1024K)
 Metaspace       used 2027K, capacity 4873K, committed 5120K, reserved 1056768K
  class space    used 179K, capacity 449K, committed 512K, reserved 1048576K
}
Event: 0.214 GC heap before
{Heap before GC invocations=2 (full 1):
 garbage-first heap   total 17408K, used 7483K [0x00000000c0000000, 0x0000000100000000)
  region size 1024K, 6 young (6144K), 1 survivors (1024K)
 Metaspace       used 2036K, capacity 4874K, committed 5120K, reserved 1056768K
  class space    used 179K, capacity 449K, committed 512K, reserved 1048576K
}
Event: 0.216 GC heap after
{Heap after GC invocations=3 (full 1):
 garbage-first heap   total 17408K, used 2855K [0x00000000c0000000, 0x0000000100000000)
  region size 1024K, 1 young (1024K), 1 survivors (1024K)
 Metaspace       used 2036K, capacity 4874K, committed 5120K, reserved 1056768K
  class space    used 179K, capacity 449K, committed 512K, reserved 1048576K
}
Event: 0.222 GC heap before
{Heap before GC invocations=3 (full 1):
 garbage-first heap   total 17408K, used 6951K [0x00000000c0000000, 0x0000000100000000)
  region size 1024K, 5 young (5120K), 1 survivors (1024K)
 Metaspace       used 2040K, capacity 4874K, committed 5120K, reserved 1056768K
  class space    used 179K, capacity 449K, committed 512K, reserved 1048576K
}
Event: 0.223 GC heap after
{Heap after GC invocations=4 (full 1):
 garbage-first heap   total 17408K, used 3219K [0x00000000c0000000, 0x0000000100000000)
  region size 1024K, 1 young (1024K), 1 survivors (1024K)
 Metaspace       used 2040K, capacity 4874K, committed 5120K, reserved 1056768K
  class space    used 179K, capacity 449K, committed 512K, reserved 1048576K
}
Event: 0.228 GC heap before
{Heap before GC invocations=4 (full 1):
 garbage-first heap   total 17408K, used 7315K [0x00000000c0000000, 0x0000000100000000)
  region size 1024K, 5 young (5120K), 1 survivors (1024K)
 Metaspace       used 2041K, capacity 4874K, committed 5120K, reserved 1056768K
  class space    used 179K, capacity 449K, committed 512K, reserved 1048576K
}
Event: 0.229 GC heap after
{Heap after GC invocations=5 (full 1):
 garbage-first heap   total 17408K, used 3608K [0x00000000c0000000, 0x0000000100000000)
  region size 1024K, 1 young (1024K), 1 survivors (1024K)
 Metaspace       used 2041K, capacity 4874K, committed 5120K, reserved 1056768K
  class space    used 179K, capacity 449K, committed 512K, reserved 1048576K
}
Event: 0.235 GC heap before
{Heap before GC invocations=5 (full 1):
 garbage-first heap   total 17408K, used 7704K [0x00000000c0000000, 0x0000000100000000)
  region size 1024K, 5 young (5120K), 1 survivors (1024K)
 Metaspace       used 2052K, capacity 4874K, committed 5120K, reserved 1056768K
  class space    used 179K, capacity 449K, committed 512K, reserved 1048576K
}
Event: 0.244 GC heap after
{Heap after GC invocations=6 (full 1):
 garbage-first heap   total 533504K, used 4055K [0x00000000c0000000, 0x0000000100000000)
  region size 1024K, 1 young (1024K), 1 survivors (1024K)
 Metaspace       used 2052K, capacity 4874K, committed 5120K, reserved 1056768K
  class space    used 179K, capacity 449K, committed 512K, reserved 1048576K
}
Event: 0.317 GC heap before
{Heap before GC invocations=6 (full 1):
 garbage-first heap   total 533504K, used 24535K [0x00000000c0000000, 0x0000000100000000)
  region size 1024K, 22 young (22528K), 1 survivors (1024K)
 Metaspace       used 2208K, capacity 4886K, committed 5120K, reserved 1056768K
  class space    used 188K, capacity 451K, committed 512K, reserved 1048576K
}
Event: 0.331 GC heap after
{Heap after GC invocations=7 (full 2):
 garbage-first heap   total 48128K, used 5730K [0x00000000c0000000, 0x0000000100000000)
  region size 1024K, 0 young (0K), 0 survivors (0K)
 Metaspace       used 2208K, capacity 4886K, committed 5120K, reserved 1056768K
  class space    used 188K, capacity 451K, committed 512K, reserved 1048576K
}
Event: 0.358 GC heap before
{Heap before GC invocations=7 (full 2):
 garbage-first heap   total 48128K, used 5730K [0x00000000c0000000, 0x0000000100000000)
  region size 1024K, 1 young (1024K), 0 survivors (0K)
 Metaspace       used 2212K, capacity 4886K, committed 5120K, reserved 1056768K
  class space    used 189K, capacity 451K, committed 512K, reserved 1048576K
}
Event: 0.370 GC heap after
{Heap after GC invocations=8 (full 3):
 garbage-first heap   total 34816K, used 5730K [0x00000000c0000000, 0x0000000100000000)
  region size 1024K, 0 young (0K), 0 survivors (0K)
 Metaspace       used 2212K, capacity 4886K, committed 5120K, reserved 1056768K
  class space    used 189K, capacity 451K, committed 512K, reserved 1048576K
}

