# JRE version: OpenJDK Runtime Environment (11.0.8+10) (build 11.0.8+10-post-Ubuntu-0ubuntu118.04.1)
# Java VM: OpenJDK 64-Bit Server VM (11.0.8+10-post-Ubuntu-0ubuntu118.04.1, mixed mode, sharing, tiered, compressed oops, g1 gc, linux-amd64)
Heap:
 garbage-first heap   total 280576K, used 117929K [0x00000000c0000000, 0x0000000100000000)
  region size 1024K, 39 young (39936K), 0 survivors (0K)
 Metaspace       used 10869K, capacity 12809K, committed 13056K, reserved 1060864K
  class space    used 1671K, capacity 2038K, committed 2048K, reserved 1048576K
GC Heap History (20 events):
Event: 2.025 GC heap before
{Heap before GC invocations=13 (full 2):
 garbage-first heap   total 545792K, used 128015K [0x00000000c0000000, 0x0000000100000000)
  region size 1024K, 108 young (110592K), 3 survivors (3072K)
 Metaspace       used 7996K, capacity 10294K, committed 10624K, reserved 1058816K
  class space    used 1264K, capacity 1564K, committed 1664K, reserved 1048576K
}
Event: 2.034 GC heap after
{Heap after GC invocations=14 (full 2):
 garbage-first heap   total 545792K, used 32514K [0x00000000c0000000, 0x0000000100000000)
  region size 1024K, 14 young (14336K), 14 survivors (14336K)
 Metaspace       used 7996K, capacity 10294K, committed 10624K, reserved 1058816K
  class space    used 1264K, capacity 1564K, committed 1664K, reserved 1048576K
}
Event: 2.983 GC heap before
{Heap before GC invocations=14 (full 2):
 garbage-first heap   total 545792K, used 190210K [0x00000000c0000000, 0x0000000100000000)
  region size 1024K, 157 young (160768K), 14 survivors (14336K)
 Metaspace       used 9622K, capacity 11595K, committed 11904K, reserved 1058816K
  class space    used 1524K, capacity 1856K, committed 1920K, reserved 1048576K
}
Event: 2.999 GC heap after
{Heap after GC invocations=15 (full 2):
 garbage-first heap   total 545792K, used 56486K [0x00000000c0000000, 0x0000000100000000)
  region size 1024K, 15 young (15360K), 15 survivors (15360K)
 Metaspace       used 9622K, capacity 11595K, committed 11904K, reserved 1058816K
  class space    used 1524K, capacity 1856K, committed 1920K, reserved 1048576K
}
Event: 3.082 GC heap before
{Heap before GC invocations=15 (full 2):
 garbage-first heap   total 545792K, used 90278K [0x00000000c0000000, 0x0000000100000000)
  region size 1024K, 48 young (49152K), 15 survivors (15360K)
 Metaspace       used 10064K, capacity 12071K, committed 12288K, reserved 1058816K
  class space    used 1596K, capacity 1948K, committed 2048K, reserved 1048576K
}
Event: 3.112 GC heap after
{Heap after GC invocations=16 (full 3):
 garbage-first heap   total 181248K, used 47930K [0x00000000c0000000, 0x0000000100000000)
  region size 1024K, 0 young (0K), 0 survivors (0K)
 Metaspace       used 10064K, capacity 12071K, committed 12288K, reserved 1058816K
  class space    used 1596K, capacity 1948K, committed 2048K, reserved 1048576K
}
Event: 3.220 GC heap before
{Heap before GC invocations=16 (full 3):
 garbage-first heap   total 181248K, used 116538K [0x00000000c0000000, 0x0000000100000000)
  region size 1024K, 67 young (68608K), 0 survivors (0K)
 Metaspace       used 10064K, capacity 12071K, committed 12288K, reserved 1058816K
  class space    used 1596K, capacity 1948K, committed 2048K, reserved 1048576K
}
Event: 3.227 GC heap after
{Heap after GC invocations=17 (full 3):
 garbage-first heap   total 181248K, used 57146K [0x00000000c0000000, 0x0000000100000000)
  region size 1024K, 9 young (9216K), 9 survivors (9216K)
 Metaspace       used 10064K, capacity 12071K, committed 12288K, reserved 1058816K
  class space    used 1596K, capacity 1948K, committed 2048K, reserved 1048576K
}
Event: 3.325 GC heap before
{Heap before GC invocations=17 (full 3):
 garbage-first heap   total 181248K, used 123706K [0x00000000c0000000, 0x0000000100000000)
  region size 1024K, 74 young (75776K), 9 survivors (9216K)
 Metaspace       used 10115K, capacity 12109K, committed 12288K, reserved 1058816K
  class space    used 1632K, capacity 1983K, committed 2048K, reserved 1048576K
}
Event: 3.343 GC heap after
{Heap after GC invocations=18 (full 3):
 garbage-first heap   total 181248K, used 64305K [0x00000000c0000000, 0x0000000100000000)
  region size 1024K, 9 young (9216K), 9 survivors (9216K)
 Metaspace       used 10115K, capacity 12109K, committed 12288K, reserved 1058816K
  class space    used 1632K, capacity 1983K, committed 2048K, reserved 1048576K
}
Event: 3.408 GC heap before
{Heap before GC invocations=18 (full 3):
 garbage-first heap   total 181248K, used 128817K [0x00000000c0000000, 0x0000000100000000)
  region size 1024K, 72 young (73728K), 9 survivors (9216K)
 Metaspace       used 10117K, capacity 12110K, committed 12288K, reserved 1058816K
  class space    used 1632K, capacity 1983K, committed 2048K, reserved 1048576K
}
Event: 3.424 GC heap after
{Heap after GC invocations=19 (full 3):
 garbage-first heap   total 181248K, used 71692K [0x00000000c0000000, 0x0000000100000000)
  region size 1024K, 8 young (8192K), 8 survivors (8192K)
 Metaspace       used 10117K, capacity 12110K, committed 12288K, reserved 1058816K
  class space    used 1632K, capacity 1983K, committed 2048K, reserved 1048576K
}
Event: 3.479 GC heap before
{Heap before GC invocations=19 (full 3):
 garbage-first heap   total 181248K, used 132108K [0x00000000c0000000, 0x0000000100000000)
  region size 1024K, 67 young (68608K), 8 survivors (8192K)
 Metaspace       used 10118K, capacity 12110K, committed 12288K, reserved 1058816K
  class space    used 1632K, capacity 1983K, committed 2048K, reserved 1048576K
}
Event: 3.497 GC heap after
{Heap after GC invocations=20 (full 3):
 garbage-first heap   total 181248K, used 77972K [0x00000000c0000000, 0x0000000100000000)
  region size 1024K, 7 young (7168K), 7 survivors (7168K)
 Metaspace       used 10118K, capacity 12110K, committed 12288K, reserved 1058816K
  class space    used 1632K, capacity 1983K, committed 2048K, reserved 1048576K
}
Event: 3.551 GC heap before
{Heap before GC invocations=20 (full 3):
 garbage-first heap   total 181248K, used 135316K [0x00000000c0000000, 0x0000000100000000)
  region size 1024K, 63 young (64512K), 7 survivors (7168K)
 Metaspace       used 10118K, capacity 12110K, committed 12288K, reserved 1058816K
  class space    used 1632K, capacity 1983K, committed 2048K, reserved 1048576K
}
Event: 3.571 GC heap after
{Heap after GC invocations=21 (full 3):
 garbage-first heap   total 615424K, used 84461K [0x00000000c0000000, 0x0000000100000000)
  region size 1024K, 7 young (7168K), 7 survivors (7168K)
 Metaspace       used 10118K, capacity 12110K, committed 12288K, reserved 1058816K
  class space    used 1632K, capacity 1983K, committed 2048K, reserved 1048576K
}
Event: 3.815 GC heap before
{Heap before GC invocations=21 (full 3):
 garbage-first heap   total 615424K, used 152045K [0x00000000c0000000, 0x0000000100000000)
  region size 1024K, 74 young (75776K), 7 survivors (7168K)
 Metaspace       used 10400K, capacity 12376K, committed 12544K, reserved 1060864K
  class space    used 1664K, capacity 2029K, committed 2048K, reserved 1048576K
}
Event: 3.865 GC heap after
{Heap after GC invocations=22 (full 4):
 garbage-first heap   total 296960K, used 79017K [0x00000000c0000000, 0x0000000100000000)
  region size 1024K, 0 young (0K), 0 survivors (0K)
 Metaspace       used 10400K, capacity 12376K, committed 12544K, reserved 1060864K
  class space    used 1664K, capacity 2029K, committed 2048K, reserved 1048576K
}
Event: 4.038 GC heap before
{Heap before GC invocations=22 (full 4):
 garbage-first heap   total 296960K, used 79017K [0x00000000c0000000, 0x0000000100000000)
  region size 1024K, 1 young (1024K), 0 survivors (0K)
 Metaspace       used 10400K, capacity 12376K, committed 12544K, reserved 1060864K
  class space    used 1664K, capacity 2029K, committed 2048K, reserved 1048576K
}
Event: 4.088 GC heap after
{Heap after GC invocations=23 (full 5):
 garbage-first heap   total 280576K, used 79017K [0x00000000c0000000, 0x0000000100000000)
  region size 1024K, 0 young (0K), 0 survivors (0K)
 Metaspace       used 10400K, capacity 12376K, committed 12544K, reserved 1060864K
  class space    used 1664K, capacity 2029K, committed 2048K, reserved 1048576K
}

