# JRE version: OpenJDK Runtime Environment (11.0.8+10) (build 11.0.8+10-post-Ubuntu-0ubuntu118.04.1)
# Java VM: OpenJDK 64-Bit Server VM (11.0.8+10-post-Ubuntu-0ubuntu118.04.1, mixed mode, sharing, tiered, compressed oops, g1 gc, linux-amd64)
Heap:
 garbage-first heap   total 536576K, used 8781K [0x00000000c0000000, 0x0000000100000000)
  region size 1024K, 6 young (6144K), 2 survivors (2048K)
 Metaspace       used 2216K, capacity 4885K, committed 5120K, reserved 1056768K
  class space    used 190K, capacity 451K, committed 512K, reserved 1048576K
GC Heap History (12 events):
Event: 0.122 GC heap before
{Heap before GC invocations=0 (full 0):
 garbage-first heap   total 1048576K, used 4804K [0x00000000c0000000, 0x0000000100000000)
  region size 1024K, 5 young (5120K), 0 survivors (0K)
 Metaspace       used 1464K, capacity 4691K, committed 4864K, reserved 1056768K
  class space    used 124K, capacity 434K, committed 512K, reserved 1048576K
}
Event: 0.143 GC heap after
{Heap after GC invocations=1 (full 1):
 garbage-first heap   total 24576K, used 1896K [0x00000000c0000000, 0x0000000100000000)
  region size 1024K, 0 young (0K), 0 survivors (0K)
 Metaspace       used 1464K, capacity 4691K, committed 4864K, reserved 1056768K
  class space    used 124K, capacity 434K, committed 512K, reserved 1048576K
}
Event: 0.256 GC heap before
{Heap before GC invocations=1 (full 1):
 garbage-first heap   total 24576K, used 9064K [0x00000000c0000000, 0x0000000100000000)
  region size 1024K, 7 young (7168K), 0 survivors (0K)
 Metaspace       used 2037K, capacity 4874K, committed 5120K, reserved 1056768K
  class space    used 179K, capacity 449K, committed 512K, reserved 1048576K
}
Event: 0.258 GC heap after
{Heap after GC invocations=2 (full 1):
 garbage-first heap   total 24576K, used 2653K [0x00000000c0000000, 0x0000000100000000)
  region size 1024K, 1 young (1024K), 1 survivors (1024K)
 Metaspace       used 2037K, capacity 4874K, committed 5120K, reserved 1056768K
  class space    used 179K, capacity 449K, committed 512K, reserved 1048576K
}
Event: 0.272 GC heap before
{Heap before GC invocations=2 (full 1):
 garbage-first heap   total 24576K, used 11869K [0x00000000c0000000, 0x0000000100000000)
  region size 1024K, 10 young (10240K), 1 survivors (1024K)
 Metaspace       used 2042K, capacity 4874K, committed 5120K, reserved 1056768K
  class space    used 179K, capacity 449K, committed 512K, reserved 1048576K
}
Event: 0.273 GC heap after
{Heap after GC invocations=3 (full 1):
 garbage-first heap   total 24576K, used 3488K [0x00000000c0000000, 0x0000000100000000)
  region size 1024K, 2 young (2048K), 2 survivors (2048K)
 Metaspace       used 2042K, capacity 4874K, committed 5120K, reserved 1056768K
  class space    used 179K, capacity 449K, committed 512K, reserved 1048576K
}
Event: 0.285 GC heap before
{Heap before GC invocations=3 (full 1):
 garbage-first heap   total 24576K, used 11680K [0x00000000c0000000, 0x0000000100000000)
  region size 1024K, 10 young (10240K), 2 survivors (2048K)
 Metaspace       used 2060K, capacity 4874K, committed 5120K, reserved 1056768K
  class space    used 180K, capacity 449K, committed 512K, reserved 1048576K
}
Event: 0.288 GC heap after
{Heap after GC invocations=4 (full 1):
 garbage-first heap   total 24576K, used 4280K [0x00000000c0000000, 0x0000000100000000)
  region size 1024K, 2 young (2048K), 2 survivors (2048K)
 Metaspace       used 2060K, capacity 4874K, committed 5120K, reserved 1056768K
  class space    used 180K, capacity 449K, committed 512K, reserved 1048576K
}
Event: 0.296 GC heap before
{Heap before GC invocations=4 (full 1):
 garbage-first heap   total 24576K, used 11448K [0x00000000c0000000, 0x0000000100000000)
  region size 1024K, 9 young (9216K), 2 survivors (2048K)
 Metaspace       used 2075K, capacity 4874K, committed 5120K, reserved 1056768K
  class space    used 180K, capacity 449K, committed 512K, reserved 1048576K
}
Event: 0.298 GC heap after
{Heap after GC invocations=5 (full 1):
 garbage-first heap   total 24576K, used 4926K [0x00000000c0000000, 0x0000000100000000)
  region size 1024K, 2 young (2048K), 2 survivors (2048K)
 Metaspace       used 2075K, capacity 4874K, committed 5120K, reserved 1056768K
  class space    used 180K, capacity 449K, committed 512K, reserved 1048576K
}
Event: 0.310 GC heap before
{Heap before GC invocations=5 (full 1):
 garbage-first heap   total 24576K, used 12094K [0x00000000c0000000, 0x0000000100000000)
  region size 1024K, 9 young (9216K), 2 survivors (2048K)
 Metaspace       used 2113K, capacity 4875K, committed 5120K, reserved 1056768K
  class space    used 180K, capacity 449K, committed 512K, reserved 1048576K
}
Event: 0.317 GC heap after
{Heap after GC invocations=6 (full 1):
 garbage-first heap   total 536576K, used 5709K [0x00000000c0000000, 0x0000000100000000)
  region size 1024K, 2 young (2048K), 2 survivors (2048K)
 Metaspace       used 2113K, capacity 4875K, committed 5120K, reserved 1056768K
  class space    used 180K, capacity 449K, committed 512K, reserved 1048576K
}

