# JRE version: OpenJDK Runtime Environment (11.0.8+10) (build 11.0.8+10-post-Ubuntu-0ubuntu118.04.1)
# Java VM: OpenJDK 64-Bit Server VM (11.0.8+10-post-Ubuntu-0ubuntu118.04.1, mixed mode, sharing, tiered, compressed oops, g1 gc, linux-amd64)
Heap:
 garbage-first heap   total 290816K, used 225559K [0x00000000c0000000, 0x0000000100000000)
  region size 1024K, 145 young (148480K), 1 survivors (1024K)
 Metaspace       used 10962K, capacity 12899K, committed 13056K, reserved 1060864K
  class space    used 1673K, capacity 2038K, committed 2048K, reserved 1048576K
GC Heap History (20 events):
Event: 6.555 GC heap before
{Heap before GC invocations=27 (full 5):
 garbage-first heap   total 290816K, used 229653K [0x00000000c0000000, 0x0000000100000000)
  region size 1024K, 148 young (151552K), 1 survivors (1024K)
 Metaspace       used 10941K, capacity 12899K, committed 13056K, reserved 1060864K
  class space    used 1671K, capacity 2038K, committed 2048K, reserved 1048576K
}
Event: 6.556 GC heap after
{Heap after GC invocations=28 (full 5):
 garbage-first heap   total 290816K, used 79127K [0x00000000c0000000, 0x0000000100000000)
  region size 1024K, 1 young (1024K), 1 survivors (1024K)
 Metaspace       used 10941K, capacity 12899K, committed 13056K, reserved 1060864K
  class space    used 1671K, capacity 2038K, committed 2048K, reserved 1048576K
}
Event: 6.938 GC heap before
{Heap before GC invocations=28 (full 5):
 garbage-first heap   total 290816K, used 233751K [0x00000000c0000000, 0x0000000100000000)
  region size 1024K, 152 young (155648K), 1 survivors (1024K)
 Metaspace       used 10947K, capacity 12899K, committed 13056K, reserved 1060864K
  class space    used 1672K, capacity 2038K, committed 2048K, reserved 1048576K
}
Event: 6.939 GC heap after
{Heap after GC invocations=29 (full 5):
 garbage-first heap   total 290816K, used 79138K [0x00000000c0000000, 0x0000000100000000)
  region size 1024K, 1 young (1024K), 1 survivors (1024K)
 Metaspace       used 10947K, capacity 12899K, committed 13056K, reserved 1060864K
  class space    used 1672K, capacity 2038K, committed 2048K, reserved 1048576K
}
Event: 7.330 GC heap before
{Heap before GC invocations=29 (full 5):
 garbage-first heap   total 290816K, used 236834K [0x00000000c0000000, 0x0000000100000000)
  region size 1024K, 155 young (158720K), 1 survivors (1024K)
 Metaspace       used 10947K, capacity 12899K, committed 13056K, reserved 1060864K
  class space    used 1672K, capacity 2038K, committed 2048K, reserved 1048576K
}
Event: 7.331 GC heap after
{Heap after GC invocations=30 (full 5):
 garbage-first heap   total 290816K, used 79125K [0x00000000c0000000, 0x0000000100000000)
  region size 1024K, 1 young (1024K), 1 survivors (1024K)
 Metaspace       used 10947K, capacity 12899K, committed 13056K, reserved 1060864K
  class space    used 1672K, capacity 2038K, committed 2048K, reserved 1048576K
}
Event: 7.735 GC heap before
{Heap before GC invocations=30 (full 5):
 garbage-first heap   total 290816K, used 239893K [0x00000000c0000000, 0x0000000100000000)
  region size 1024K, 158 young (161792K), 1 survivors (1024K)
 Metaspace       used 10947K, capacity 12899K, committed 13056K, reserved 1060864K
  class space    used 1672K, capacity 2038K, committed 2048K, reserved 1048576K
}
Event: 7.736 GC heap after
{Heap after GC invocations=31 (full 5):
 garbage-first heap   total 290816K, used 79127K [0x00000000c0000000, 0x0000000100000000)
  region size 1024K, 1 young (1024K), 1 survivors (1024K)
 Metaspace       used 10947K, capacity 12899K, committed 13056K, reserved 1060864K
  class space    used 1672K, capacity 2038K, committed 2048K, reserved 1048576K
}
Event: 8.141 GC heap before
{Heap before GC invocations=31 (full 5):
 garbage-first heap   total 290816K, used 241943K [0x00000000c0000000, 0x0000000100000000)
  region size 1024K, 160 young (163840K), 1 survivors (1024K)
 Metaspace       used 10949K, capacity 12899K, committed 13056K, reserved 1060864K
  class space    used 1672K, capacity 2038K, committed 2048K, reserved 1048576K
}
Event: 8.142 GC heap after
{Heap after GC invocations=32 (full 5):
 garbage-first heap   total 290816K, used 79127K [0x00000000c0000000, 0x0000000100000000)
  region size 1024K, 1 young (1024K), 1 survivors (1024K)
 Metaspace       used 10949K, capacity 12899K, committed 13056K, reserved 1060864K
  class space    used 1672K, capacity 2038K, committed 2048K, reserved 1048576K
}
Event: 8.543 GC heap before
{Heap before GC invocations=32 (full 5):
 garbage-first heap   total 290816K, used 243991K [0x00000000c0000000, 0x0000000100000000)
  region size 1024K, 162 young (165888K), 1 survivors (1024K)
 Metaspace       used 10950K, capacity 12899K, committed 13056K, reserved 1060864K
  class space    used 1672K, capacity 2038K, committed 2048K, reserved 1048576K
}
Event: 8.544 GC heap after
{Heap after GC invocations=33 (full 5):
 garbage-first heap   total 290816K, used 79121K [0x00000000c0000000, 0x0000000100000000)
  region size 1024K, 1 young (1024K), 1 survivors (1024K)
 Metaspace       used 10950K, capacity 12899K, committed 13056K, reserved 1060864K
  class space    used 1672K, capacity 2038K, committed 2048K, reserved 1048576K
}
Event: 8.933 GC heap before
{Heap before GC invocations=33 (full 5):
 garbage-first heap   total 290816K, used 245009K [0x00000000c0000000, 0x0000000100000000)
  region size 1024K, 163 young (166912K), 1 survivors (1024K)
 Metaspace       used 10956K, capacity 12899K, committed 13056K, reserved 1060864K
  class space    used 1672K, capacity 2038K, committed 2048K, reserved 1048576K
}
Event: 8.934 GC heap after
{Heap after GC invocations=34 (full 5):
 garbage-first heap   total 290816K, used 79129K [0x00000000c0000000, 0x0000000100000000)
  region size 1024K, 1 young (1024K), 1 survivors (1024K)
 Metaspace       used 10956K, capacity 12899K, committed 13056K, reserved 1060864K
  class space    used 1672K, capacity 2038K, committed 2048K, reserved 1048576K
}
Event: 9.328 GC heap before
{Heap before GC invocations=34 (full 5):
 garbage-first heap   total 290816K, used 246041K [0x00000000c0000000, 0x0000000100000000)
  region size 1024K, 164 young (167936K), 1 survivors (1024K)
 Metaspace       used 10956K, capacity 12899K, committed 13056K, reserved 1060864K
  class space    used 1672K, capacity 2038K, committed 2048K, reserved 1048576K
}
Event: 9.329 GC heap after
{Heap after GC invocations=35 (full 5):
 garbage-first heap   total 290816K, used 79128K [0x00000000c0000000, 0x0000000100000000)
  region size 1024K, 1 young (1024K), 1 survivors (1024K)
 Metaspace       used 10956K, capacity 12899K, committed 13056K, reserved 1060864K
  class space    used 1672K, capacity 2038K, committed 2048K, reserved 1048576K
}
Event: 9.737 GC heap before
{Heap before GC invocations=35 (full 5):
 garbage-first heap   total 290816K, used 247064K [0x00000000c0000000, 0x0000000100000000)
  region size 1024K, 165 young (168960K), 1 survivors (1024K)
 Metaspace       used 10956K, capacity 12899K, committed 13056K, reserved 1060864K
  class space    used 1672K, capacity 2038K, committed 2048K, reserved 1048576K
}
Event: 9.738 GC heap after
{Heap after GC invocations=36 (full 5):
 garbage-first heap   total 290816K, used 79134K [0x00000000c0000000, 0x0000000100000000)
  region size 1024K, 1 young (1024K), 1 survivors (1024K)
 Metaspace       used 10956K, capacity 12899K, committed 13056K, reserved 1060864K
  class space    used 1672K, capacity 2038K, committed 2048K, reserved 1048576K
}
Event: 10.161 GC heap before
{Heap before GC invocations=36 (full 5):
 garbage-first heap   total 290816K, used 248094K [0x00000000c0000000, 0x0000000100000000)
  region size 1024K, 166 young (169984K), 1 survivors (1024K)
 Metaspace       used 10956K, capacity 12899K, committed 13056K, reserved 1060864K
  class space    used 1672K, capacity 2038K, committed 2048K, reserved 1048576K
}
Event: 10.162 GC heap after
{Heap after GC invocations=37 (full 5):
 garbage-first heap   total 290816K, used 79127K [0x00000000c0000000, 0x0000000100000000)
  region size 1024K, 1 young (1024K), 1 survivors (1024K)
 Metaspace       used 10956K, capacity 12899K, committed 13056K, reserved 1060864K
  class space    used 1672K, capacity 2038K, committed 2048K, reserved 1048576K
}

